c:\users\ketan\documents\visual studio 2022\projects\spacejam\game0\vs-2022\saucer-shoot\x64\debug\vc143.pdb
c:\users\ketan\documents\visual studio 2022\projects\spacejam\game0\vs-2022\saucer-shoot\x64\debug\vc143.idb
c:\users\ketan\documents\visual studio 2022\projects\spacejam\game0\vs-2022\saucer-shoot\x64\debug\player.obj
c:\users\ketan\documents\visual studio 2022\projects\spacejam\game0\vs-2022\saucer-shoot\x64\debug\laser.obj
c:\users\ketan\documents\visual studio 2022\projects\spacejam\game0\vs-2022\saucer-shoot\x64\debug\keycard.obj
c:\users\ketan\documents\visual studio 2022\projects\spacejam\game0\vs-2022\saucer-shoot\x64\debug\door.obj
c:\users\ketan\documents\visual studio 2022\projects\spacejam\game0\vs-2022\saucer-shoot\x64\debug\game.obj
c:\users\ketan\documents\visual studio 2022\projects\spacejam\game0\vs-2022\saucer-shoot\x64\debug\tile.obj
c:\users\ketan\documents\visual studio 2022\projects\spacejam\game0\vs-2022\saucer-shoot\x64\debug\levelmanager.obj
c:\users\ketan\documents\visual studio 2022\projects\spacejam\game0\vs-2022\saucer-shoot\x64\debug\spawnplayer.obj
c:\users\ketan\documents\visual studio 2022\projects\spacejam\game0\vs-2022\x64\debug\saucer-shoot.exe
c:\users\ketan\documents\visual studio 2022\projects\spacejam\game0\vs-2022\x64\debug\saucer-shoot.pdb
c:\users\ketan\documents\visual studio 2022\projects\spacejam\game0\vs-2022\saucer-shoot\x64\debug\saucer-shoot.ilk
c:\users\ketan\documents\visual studio 2022\projects\spacejam\game0\vs-2022\saucer-shoot\x64\debug\game.obj.enc
c:\users\ketan\documents\visual studio 2022\projects\spacejam\game0\vs-2022\saucer-shoot\x64\debug\levelmanager.obj.enc
c:\users\ketan\documents\visual studio 2022\projects\spacejam\game0\vs-2022\saucer-shoot\x64\debug\saucer-shoot.tlog\cl.command.1.tlog
c:\users\ketan\documents\visual studio 2022\projects\spacejam\game0\vs-2022\saucer-shoot\x64\debug\saucer-shoot.tlog\cl.items.tlog
c:\users\ketan\documents\visual studio 2022\projects\spacejam\game0\vs-2022\saucer-shoot\x64\debug\saucer-shoot.tlog\cl.read.1.tlog
c:\users\ketan\documents\visual studio 2022\projects\spacejam\game0\vs-2022\saucer-shoot\x64\debug\saucer-shoot.tlog\cl.write.1.tlog
c:\users\ketan\documents\visual studio 2022\projects\spacejam\game0\vs-2022\saucer-shoot\x64\debug\saucer-shoot.tlog\link.command.1.tlog
c:\users\ketan\documents\visual studio 2022\projects\spacejam\game0\vs-2022\saucer-shoot\x64\debug\saucer-shoot.tlog\link.read.1.tlog
c:\users\ketan\documents\visual studio 2022\projects\spacejam\game0\vs-2022\saucer-shoot\x64\debug\saucer-shoot.tlog\link.secondary.1.tlog
c:\users\ketan\documents\visual studio 2022\projects\spacejam\game0\vs-2022\saucer-shoot\x64\debug\saucer-shoot.tlog\link.write.1.tlog
